#
# There is insufficient memory for the Java Runtime Environment to continue.
# Native memory allocation (malloc) failed to allocate 1048576 bytes for AllocateHeap
# Possible reasons:
#   The system is out of physical RAM or swap space
#   The process is running with CompressedOops enabled, and the Java Heap may be blocking the growth of the native heap
# Possible solutions:
#   Reduce memory load on the system
#   Increase physical memory or swap space
#   Check if swap backing store is full
#   Decrease Java heap size (-Xmx/-Xms)
#   Decrease number of Java threads
#   Decrease Java thread stack sizes (-Xss)
#   Set larger code cache with -XX:ReservedCodeCacheSize=
#   JVM is running with Unscaled Compressed Oops mode in which the Java heap is
#     placed in the first 4GB address space. The Java Heap base address is the
#     maximum limit for the native heap growth. Please use -XX:HeapBaseMinAddress
#     to set the Java Heap base and to place the Java Heap above 4GB virtual address.
# This output file may be truncated or incomplete.
#
#  Out of Memory Error (./src/hotspot/share/memory/allocation.cpp:46), pid=36960, tid=27188
#
# JRE version:  (11.0.14.1+1) (build )
# Java VM: OpenJDK 64-Bit Server VM (11.0.14.1+1, mixed mode, sharing, tiered, compressed oops, g1 gc, windows-amd64)
# No core dump will be written. Minidumps are not enabled by default on client versions of Windows
#

---------------  S U M M A R Y ------------

Command Line: -Dfile.encoding=UTF-8 -Dcom.android.sdkmanager.toolsdir=C:\Program Files\Unity\Hub\Editor\2022.3.9f1\Editor\Data\PlaybackEngines\AndroidPlayer\SDK\cmdline-tools\6.0\bin\\.. com.android.sdklib.tool.AvdManagerCli list target -c

Host: AMD Ryzen 5 3600 6-Core Processor              , 12 cores, 15G,  Windows 10 , 64 bit Build 19041 (10.0.19041.3155)
Time: Wed Sep 13 09:55:19 2023 Türkiye Standart Saati elapsed time: 0.008416 seconds (0d 0h 0m 0s)

---------------  T H R E A D  ---------------

Current thread (0x00000210af28f000):  JavaThread "Unknown thread" [_thread_in_vm, id=27188, stack(0x00000041d9600000,0x00000041d9700000)]

Stack: [0x00000041d9600000,0x00000041d9700000]
Native frames: (J=compiled Java code, j=interpreted, Vv=VM code, C=native code)
V  [jvm.dll+0x61e59a]
V  [jvm.dll+0x7aaca9]
V  [jvm.dll+0x7ac398]
V  [jvm.dll+0x7aca73]
V  [jvm.dll+0x24f9b8]
V  [jvm.dll+0xb95d4]
V  [jvm.dll+0x2e0518]
V  [jvm.dll+0x784af7]
V  [jvm.dll+0x78628f]
V  [jvm.dll+0x35f479]
V  [jvm.dll+0x767aa0]
V  [jvm.dll+0x3ccf1f]
V  [jvm.dll+0x3cf2b1]
C  [jli.dll+0x5207]
C  [ucrtbase.dll+0x21bb2]
C  [KERNEL32.DLL+0x17614]
C  [ntdll.dll+0x526b1]


---------------  P R O C E S S  ---------------

Threads class SMR info:
_java_thread_list=0x00000210ad0c2b60, length=0, elements={
}

Java Threads: ( => current thread )

Other Threads:

=>0x00000210af28f000 (exited) JavaThread "Unknown thread" [_thread_in_vm, id=27188, stack(0x00000041d9600000,0x00000041d9700000)]

Threads with active compile tasks:

VM state:not at safepoint (not fully initialized)

VM Mutex/Monitor currently owned by a thread: None


[error occurred during error reporting (printing compressed oops mode), id 0xc0000005, EXCEPTION_ACCESS_VIOLATION (0xc0000005) at pc=0x00007ff8e9e158d7]

GC Heap History (0 events):
No events

Deoptimization events (0 events):
No events

Classes redefined (0 events):
No events

Internal exceptions (0 events):
No events

Events (1 events):
Event: 0.005 Loaded shared library C:\Program Files\Unity\Hub\Editor\2022.3.9f1\Editor\Data\PlaybackEngines\AndroidPlayer\OpenJDK\bin\zip.dll


Dynamic libraries:
0x00007ff78f400000 - 0x00007ff78f40d000 	C:\Program Files\Unity\Hub\Editor\2022.3.9f1\Editor\Data\PlaybackEngines\AndroidPlayer\OpenJDK\bin\java.exe
0x00007ff97be30000 - 0x00007ff97c028000 	C:\WINDOWS\SYSTEM32\ntdll.dll
0x00007ff979fc0000 - 0x00007ff97a07f000 	C:\WINDOWS\System32\KERNEL32.DLL
0x00007ff9796e0000 - 0x00007ff9799d6000 	C:\WINDOWS\System32\KERNELBASE.dll
0x00007ff9795b0000 - 0x00007ff9796b0000 	C:\WINDOWS\System32\ucrtbase.dll
0x00007ff94ed60000 - 0x00007ff94ed77000 	C:\Program Files\Unity\Hub\Editor\2022.3.9f1\Editor\Data\PlaybackEngines\AndroidPlayer\OpenJDK\bin\jli.dll
0x00007ff94ed40000 - 0x00007ff94ed55000 	C:\Program Files\Unity\Hub\Editor\2022.3.9f1\Editor\Data\PlaybackEngines\AndroidPlayer\OpenJDK\bin\VCRUNTIME140.dll
0x00007ff97ac40000 - 0x00007ff97addd000 	C:\WINDOWS\System32\USER32.dll
0x00007ff9796b0000 - 0x00007ff9796d2000 	C:\WINDOWS\System32\win32u.dll
0x00007ff967060000 - 0x00007ff9672fa000 	C:\WINDOWS\WinSxS\amd64_microsoft.windows.common-controls_6595b64144ccf1df_6.0.19041.1110_none_60b5254171f9507e\COMCTL32.dll
0x00007ff979e90000 - 0x00007ff979ebc000 	C:\WINDOWS\System32\GDI32.dll
0x00007ff97bcc0000 - 0x00007ff97bd5e000 	C:\WINDOWS\System32\msvcrt.dll
0x00007ff979c10000 - 0x00007ff979d25000 	C:\WINDOWS\System32\gdi32full.dll
0x00007ff979510000 - 0x00007ff9795ad000 	C:\WINDOWS\System32\msvcp_win.dll
0x00007ff97ade0000 - 0x00007ff97ae10000 	C:\WINDOWS\System32\IMM32.DLL
0x00007ff8ea220000 - 0x00007ff8ea2bb000 	C:\Program Files\Unity\Hub\Editor\2022.3.9f1\Editor\Data\PlaybackEngines\AndroidPlayer\OpenJDK\bin\msvcp140.dll
0x00007ff8e9690000 - 0x00007ff8ea211000 	C:\Program Files\Unity\Hub\Editor\2022.3.9f1\Editor\Data\PlaybackEngines\AndroidPlayer\OpenJDK\bin\server\jvm.dll
0x00007ff97aa00000 - 0x00007ff97aaaf000 	C:\WINDOWS\System32\ADVAPI32.dll
0x00007ff979ec0000 - 0x00007ff979f5c000 	C:\WINDOWS\System32\sechost.dll
0x00007ff97b9e0000 - 0x00007ff97bb06000 	C:\WINDOWS\System32\RPCRT4.dll
0x00007ff97a7d0000 - 0x00007ff97a7d8000 	C:\WINDOWS\System32\PSAPI.DLL
0x00007ff8f9520000 - 0x00007ff8f9529000 	C:\WINDOWS\SYSTEM32\WSOCK32.dll
0x00007ff972cc0000 - 0x00007ff972cca000 	C:\WINDOWS\SYSTEM32\VERSION.dll
0x00007ff9707f0000 - 0x00007ff970817000 	C:\WINDOWS\SYSTEM32\WINMM.dll
0x00007ff97a7e0000 - 0x00007ff97a84b000 	C:\WINDOWS\System32\WS2_32.dll
0x00007ff9773d0000 - 0x00007ff9773e2000 	C:\WINDOWS\SYSTEM32\kernel.appcore.dll
0x00007ff94ed30000 - 0x00007ff94ed40000 	C:\Program Files\Unity\Hub\Editor\2022.3.9f1\Editor\Data\PlaybackEngines\AndroidPlayer\OpenJDK\bin\verify.dll
0x00007ff971ef0000 - 0x00007ff9720d4000 	C:\WINDOWS\SYSTEM32\DBGHELP.DLL
0x00007ff961ec0000 - 0x00007ff961ef4000 	C:\WINDOWS\SYSTEM32\dbgcore.DLL
0x00007ff979a90000 - 0x00007ff979b12000 	C:\WINDOWS\System32\bcryptPrimitives.dll
0x00007ff8f46a0000 - 0x00007ff8f46c8000 	C:\Program Files\Unity\Hub\Editor\2022.3.9f1\Editor\Data\PlaybackEngines\AndroidPlayer\OpenJDK\bin\java.dll
0x00007ff94ed20000 - 0x00007ff94ed2a000 	C:\Program Files\Unity\Hub\Editor\2022.3.9f1\Editor\Data\PlaybackEngines\AndroidPlayer\OpenJDK\bin\jimage.dll
0x00007ff8eaea0000 - 0x00007ff8eaeb8000 	C:\Program Files\Unity\Hub\Editor\2022.3.9f1\Editor\Data\PlaybackEngines\AndroidPlayer\OpenJDK\bin\zip.dll

dbghelp: loaded successfully - version: 4.0.5 - missing functions: none
symbol engine: initialized successfully - sym options: 0x614 - pdb path: .;C:\Program Files\Unity\Hub\Editor\2022.3.9f1\Editor\Data\PlaybackEngines\AndroidPlayer\OpenJDK\bin;C:\WINDOWS\SYSTEM32;C:\WINDOWS\WinSxS\amd64_microsoft.windows.common-controls_6595b64144ccf1df_6.0.19041.1110_none_60b5254171f9507e;C:\Program Files\Unity\Hub\Editor\2022.3.9f1\Editor\Data\PlaybackEngines\AndroidPlayer\OpenJDK\bin\server

VM Arguments:
jvm_args: -Dfile.encoding=UTF-8 -Dcom.android.sdkmanager.toolsdir=C:\Program Files\Unity\Hub\Editor\2022.3.9f1\Editor\Data\PlaybackEngines\AndroidPlayer\SDK\cmdline-tools\6.0\bin\\.. 
java_command: com.android.sdklib.tool.AvdManagerCli list target -c
java_class_path (initial): C:\Program Files\Unity\Hub\Editor\2022.3.9f1\Editor\Data\PlaybackEngines\AndroidPlayer\SDK\cmdline-tools\6.0\bin\..\lib\avdmanager-classpath.jar
Launcher Type: SUN_STANDARD

[Global flags]
     intx CICompilerCount                          = 4                                         {product} {ergonomic}
     uint G1ConcRefinementThreads                  = 10                                        {product} {ergonomic}
   size_t G1HeapRegionSize                         = 1048576                                   {product} {ergonomic}
    uintx GCDrainStackTargetSize                   = 64                                        {product} {ergonomic}
   size_t InitialHeapSize                          = 268435456                                 {product} {ergonomic}
   size_t MaxHeapSize                              = 4282384384                                {product} {ergonomic}
   size_t MinHeapDeltaBytes                        = 1048576                                   {product} {ergonomic}
    uintx NonNMethodCodeHeapSize                   = 5836300                                {pd product} {ergonomic}
    uintx NonProfiledCodeHeapSize                  = 122910970                              {pd product} {ergonomic}
    uintx ProfiledCodeHeapSize                     = 122910970                              {pd product} {ergonomic}
    uintx ReservedCodeCacheSize                    = 251658240                              {pd product} {ergonomic}
     bool SegmentedCodeCache                       = true                                      {product} {ergonomic}
     bool UseCompressedClassPointers               = true                                 {lp64_product} {ergonomic}
     bool UseCompressedOops                        = true                                 {lp64_product} {ergonomic}
     bool UseG1GC                                  = true                                      {product} {ergonomic}
     bool UseLargePagesIndividualAllocation        = false                                  {pd product} {ergonomic}

Logging:
Log output configuration:
 #0: stdout all=warning uptime,level,tags
 #1: stderr all=off uptime,level,tags

Environment Variables:
JAVA_HOME=C:\Program Files\Unity\Hub\Editor\2022.3.9f1\Editor\Data\PlaybackEngines\AndroidPlayer\OpenJDK
JAVA_TOOL_OPTIONS=-Dfile.encoding=UTF-8
CLASSPATH=C:\Program Files\Unity\Hub\Editor\2022.3.9f1\Editor\Data\PlaybackEngines\AndroidPlayer\SDK\cmdline-tools\6.0\bin\..\lib\avdmanager-classpath.jar
PATH=C:\Program Files (x86)\Common Files\Intel\Shared Libraries\redist\intel64\compiler;C:\WINDOWS\system32;C:\WINDOWS;C:\WINDOWS\System32\Wbem;C:\WINDOWS\System32\WindowsPowerShell\v1.0\;C:\WINDOWS\System32\OpenSSH\;C:\Program Files\Microsoft SQL Server\130\Tools\Binn\;C:\Program Files (x86)\NVIDIA Corporation\PhysX\Common;C:\Program Files\NVIDIA Corporation\NVIDIA NvDLISR;C:\Program Files\dotnet\;C:\Program Files\Microsoft SQL Server\Client SDK\ODBC\170\Tools\Binn\;C:\Program Files\Git\cmd;C:\Android\platform-tools;C:\Users\Merve\AppData\Roaming\.dotnet;C:\Users\Merve\AppData\Local\Microsoft\WindowsApps;C:\Users\Merve\.dotnet\tools;C:\Users\Merve\AppData\Local\Programs\Microsoft VS Code\bin;C:\Users\Merve\AppData\Local\GitHubDesktop\bin
USERNAME=Merve
OS=Windows_NT
PROCESSOR_IDENTIFIER=AMD64 Family 23 Model 113 Stepping 0, AuthenticAMD



---------------  S Y S T E M  ---------------

OS: Windows 10 , 64 bit Build 19041 (10.0.19041.3155)
OS uptime: 0 days 9:42 hours

CPU:total 12 (initial active 12) (12 cores per cpu, 2 threads per core) family 23 model 113 stepping 0 microcode 0x0, cmov, cx8, fxsr, mmx, sse, sse2, sse3, ssse3, sse4.1, sse4.2, popcnt, avx, avx2, aes, clmul, mmxext, 3dnowpref, lzcnt, sse4a, ht, tsc, tscinvbit, tscinv, bmi1, bmi2, adx, sha, fma

Memory: 4k page, system-wide physical 16333M (1292M free)
TotalPageFile size 65485M (AvailPageFile size 8M)
current process WorkingSet (physical memory assigned to process): 9M, peak: 9M
current process commit charge ("private bytes"): 14M, peak: 15M

vm_info: OpenJDK 64-Bit Server VM (11.0.14.1+1) for windows-amd64 JRE (11.0.14.1+1), built on Feb  9 2022 01:48:27 by "" with unknown MS VC++:1916

END.
